{"D:\\job-application-tracker\\Job-Application-Tracker\\Frontend\\src\\lib\\applications-service.ts": {"path":"D:\\job-application-tracker\\Job-Application-Tracker\\Frontend\\src\\lib\\applications-service.ts","statementMap":{"0":{"start":{"line":61,"column":19},"end":{"line":61,"column":null}},"1":{"start":{"line":101,"column":4},"end":{"line":103,"column":null}},"2":{"start":{"line":106,"column":4},"end":{"line":108,"column":null}},"3":{"start":{"line":110,"column":2},"end":{"line":126,"column":null}},"4":{"start":{"line":136,"column":41},"end":{"line":136,"column":null}},"5":{"start":{"line":137,"column":2},"end":{"line":142,"column":null}},"6":{"start":{"line":138,"column":18},"end":{"line":138,"column":null}},"7":{"start":{"line":139,"column":4},"end":{"line":141,"column":null}},"8":{"start":{"line":140,"column":6},"end":{"line":140,"column":null}},"9":{"start":{"line":143,"column":2},"end":{"line":143,"column":null}},"10":{"start":{"line":162,"column":2},"end":{"line":164,"column":null}},"11":{"start":{"line":163,"column":4},"end":{"line":163,"column":null}},"12":{"start":{"line":166,"column":17},"end":{"line":166,"column":null}},"13":{"start":{"line":167,"column":2},"end":{"line":173,"column":null}},"14":{"start":{"line":168,"column":4},"end":{"line":172,"column":null}},"15":{"start":{"line":175,"column":14},"end":{"line":175,"column":null}},"16":{"start":{"line":176,"column":24},"end":{"line":181,"column":null}},"17":{"start":{"line":183,"column":17},"end":{"line":183,"column":null}},"18":{"start":{"line":188,"column":2},"end":{"line":202,"column":null}},"19":{"start":{"line":224,"column":2},"end":{"line":226,"column":null}},"20":{"start":{"line":225,"column":4},"end":{"line":225,"column":null}},"21":{"start":{"line":229,"column":41},"end":{"line":231,"column":null}},"22":{"start":{"line":234,"column":2},"end":{"line":236,"column":null}},"23":{"start":{"line":235,"column":4},"end":{"line":235,"column":null}},"24":{"start":{"line":238,"column":2},"end":{"line":238,"column":null}},"25":{"start":{"line":240,"column":12},"end":{"line":240,"column":null}},"26":{"start":{"line":241,"column":19},"end":{"line":241,"column":null}},"27":{"start":{"line":243,"column":21},"end":{"line":245,"column":null}},"28":{"start":{"line":244,"column":4},"end":{"line":244,"column":null}},"29":{"start":{"line":248,"column":2},"end":{"line":252,"column":null}},"30":{"start":{"line":249,"column":4},"end":{"line":251,"column":null}},"31":{"start":{"line":250,"column":13},"end":{"line":250,"column":null}},"32":{"start":{"line":254,"column":2},"end":{"line":261,"column":null}},"33":{"start":{"line":255,"column":17},"end":{"line":255,"column":null}},"34":{"start":{"line":256,"column":4},"end":{"line":260,"column":null}},"35":{"start":{"line":258,"column":8},"end":{"line":259,"column":null}},"36":{"start":{"line":263,"column":2},"end":{"line":263,"column":null}},"37":{"start":{"line":280,"column":2},"end":{"line":282,"column":null}},"38":{"start":{"line":281,"column":4},"end":{"line":281,"column":null}},"39":{"start":{"line":284,"column":17},"end":{"line":284,"column":null}},"40":{"start":{"line":285,"column":18},"end":{"line":285,"column":null}},"41":{"start":{"line":287,"column":2},"end":{"line":287,"column":null}},"42":{"start":{"line":287,"column":25},"end":{"line":287,"column":null}},"43":{"start":{"line":289,"column":15},"end":{"line":289,"column":null}},"44":{"start":{"line":292,"column":2},"end":{"line":292,"column":null}},"45":{"start":{"line":292,"column":30},"end":{"line":292,"column":null}},"46":{"start":{"line":294,"column":2},"end":{"line":294,"column":null}},"47":{"start":{"line":317,"column":2},"end":{"line":319,"column":null}},"48":{"start":{"line":318,"column":4},"end":{"line":318,"column":null}},"49":{"start":{"line":321,"column":17},"end":{"line":321,"column":null}},"50":{"start":{"line":322,"column":2},"end":{"line":328,"column":null}},"51":{"start":{"line":323,"column":4},"end":{"line":327,"column":null}},"52":{"start":{"line":331,"column":17},"end":{"line":331,"column":null}},"53":{"start":{"line":332,"column":18},"end":{"line":332,"column":null}},"54":{"start":{"line":334,"column":2},"end":{"line":336,"column":null}},"55":{"start":{"line":335,"column":4},"end":{"line":335,"column":null}},"56":{"start":{"line":338,"column":19},"end":{"line":338,"column":null}},"57":{"start":{"line":339,"column":2},"end":{"line":342,"column":null}},"58":{"start":{"line":341,"column":4},"end":{"line":341,"column":null}},"59":{"start":{"line":345,"column":49},"end":{"line":345,"column":null}},"60":{"start":{"line":346,"column":12},"end":{"line":346,"column":null}},"61":{"start":{"line":348,"column":2},"end":{"line":348,"column":null}},"62":{"start":{"line":348,"column":31},"end":{"line":348,"column":null}},"63":{"start":{"line":349,"column":2},"end":{"line":349,"column":null}},"64":{"start":{"line":349,"column":32},"end":{"line":349,"column":null}},"65":{"start":{"line":350,"column":2},"end":{"line":350,"column":null}},"66":{"start":{"line":350,"column":41},"end":{"line":350,"column":null}},"67":{"start":{"line":351,"column":2},"end":{"line":351,"column":null}},"68":{"start":{"line":351,"column":30},"end":{"line":351,"column":null}},"69":{"start":{"line":352,"column":2},"end":{"line":352,"column":null}},"70":{"start":{"line":352,"column":38},"end":{"line":352,"column":null}},"71":{"start":{"line":353,"column":2},"end":{"line":353,"column":null}},"72":{"start":{"line":353,"column":35},"end":{"line":353,"column":null}},"73":{"start":{"line":354,"column":2},"end":{"line":354,"column":null}},"74":{"start":{"line":354,"column":32},"end":{"line":354,"column":null}},"75":{"start":{"line":355,"column":2},"end":{"line":355,"column":null}},"76":{"start":{"line":355,"column":29},"end":{"line":355,"column":null}},"77":{"start":{"line":356,"column":2},"end":{"line":356,"column":null}},"78":{"start":{"line":356,"column":36},"end":{"line":356,"column":null}},"79":{"start":{"line":358,"column":2},"end":{"line":358,"column":null}},"80":{"start":{"line":361,"column":36},"end":{"line":373,"column":null}},"81":{"start":{"line":375,"column":2},"end":{"line":375,"column":null}}},"fnMap":{"0":{"name":"toApplicationDocument","decl":{"start":{"line":99,"column":9},"end":{"line":99,"column":31}},"loc":{"start":{"line":99,"column":89},"end":{"line":127,"column":null}},"line":99},"1":{"name":"extractFieldErrors","decl":{"start":{"line":133,"column":9},"end":{"line":133,"column":null}},"loc":{"start":{"line":135,"column":26},"end":{"line":144,"column":null}},"line":135},"2":{"name":"createApplication","decl":{"start":{"line":158,"column":22},"end":{"line":158,"column":null}},"loc":{"start":{"line":161,"column":32},"end":{"line":203,"column":null}},"line":161},"3":{"name":"getApplications","decl":{"start":{"line":220,"column":22},"end":{"line":220,"column":null}},"loc":{"start":{"line":223,"column":34},"end":{"line":264,"column":null}},"line":223},"4":{"name":"(anonymous_4)","decl":{"start":{"line":243,"column":35},"end":{"line":243,"column":40}},"loc":{"start":{"line":244,"column":4},"end":{"line":244,"column":null}},"line":244},"5":{"name":"(anonymous_5)","decl":{"start":{"line":249,"column":32},"end":{"line":249,"column":null}},"loc":{"start":{"line":250,"column":13},"end":{"line":250,"column":null}},"line":250},"6":{"name":"(anonymous_6)","decl":{"start":{"line":256,"column":32},"end":{"line":256,"column":null}},"loc":{"start":{"line":258,"column":8},"end":{"line":259,"column":null}},"line":258},"7":{"name":"getApplication","decl":{"start":{"line":276,"column":22},"end":{"line":276,"column":null}},"loc":{"start":{"line":279,"column":39},"end":{"line":295,"column":null}},"line":279},"8":{"name":"updateApplication","decl":{"start":{"line":312,"column":22},"end":{"line":312,"column":null}},"loc":{"start":{"line":316,"column":32},"end":{"line":376,"column":null}},"line":316}},"branchMap":{"0":{"loc":{"start":{"line":101,"column":4},"end":{"line":103,"column":null}},"type":"cond-expr","locations":[{"start":{"line":102,"column":8},"end":{"line":102,"column":null}},{"start":{"line":103,"column":8},"end":{"line":103,"column":null}}],"line":101},"1":{"loc":{"start":{"line":106,"column":4},"end":{"line":108,"column":null}},"type":"cond-expr","locations":[{"start":{"line":107,"column":8},"end":{"line":107,"column":null}},{"start":{"line":108,"column":8},"end":{"line":108,"column":null}}],"line":106},"2":{"loc":{"start":{"line":120,"column":8},"end":{"line":120,"column":null}},"type":"cond-expr","locations":[{"start":{"line":120,"column":44},"end":{"line":120,"column":86}},{"start":{"line":120,"column":86},"end":{"line":120,"column":null}}],"line":120},"3":{"loc":{"start":{"line":121,"column":8},"end":{"line":121,"column":null}},"type":"cond-expr","locations":[{"start":{"line":121,"column":41},"end":{"line":121,"column":77}},{"start":{"line":121,"column":77},"end":{"line":121,"column":null}}],"line":121},"4":{"loc":{"start":{"line":122,"column":8},"end":{"line":122,"column":null}},"type":"cond-expr","locations":[{"start":{"line":122,"column":38},"end":{"line":122,"column":68}},{"start":{"line":122,"column":68},"end":{"line":122,"column":null}}],"line":122},"5":{"loc":{"start":{"line":123,"column":8},"end":{"line":123,"column":null}},"type":"cond-expr","locations":[{"start":{"line":123,"column":35},"end":{"line":123,"column":59}},{"start":{"line":123,"column":59},"end":{"line":123,"column":null}}],"line":123},"6":{"loc":{"start":{"line":124,"column":8},"end":{"line":124,"column":null}},"type":"cond-expr","locations":[{"start":{"line":124,"column":42},"end":{"line":124,"column":80}},{"start":{"line":124,"column":80},"end":{"line":124,"column":null}}],"line":124},"7":{"loc":{"start":{"line":125,"column":8},"end":{"line":125,"column":null}},"type":"cond-expr","locations":[{"start":{"line":125,"column":40},"end":{"line":125,"column":74}},{"start":{"line":125,"column":74},"end":{"line":125,"column":null}}],"line":125},"8":{"loc":{"start":{"line":139,"column":4},"end":{"line":141,"column":null}},"type":"if","locations":[{"start":{"line":139,"column":4},"end":{"line":141,"column":null}},{"start":{},"end":{}}],"line":139},"9":{"loc":{"start":{"line":162,"column":2},"end":{"line":164,"column":null}},"type":"if","locations":[{"start":{"line":162,"column":2},"end":{"line":164,"column":null}},{"start":{},"end":{}}],"line":162},"10":{"loc":{"start":{"line":167,"column":2},"end":{"line":173,"column":null}},"type":"if","locations":[{"start":{"line":167,"column":2},"end":{"line":173,"column":null}},{"start":{},"end":{}}],"line":167},"11":{"loc":{"start":{"line":197,"column":8},"end":{"line":197,"column":null}},"type":"cond-expr","locations":[{"start":{"line":197,"column":51},"end":{"line":197,"column":100}},{"start":{"line":197,"column":100},"end":{"line":197,"column":null}}],"line":197},"12":{"loc":{"start":{"line":198,"column":8},"end":{"line":198,"column":null}},"type":"cond-expr","locations":[{"start":{"line":198,"column":48},"end":{"line":198,"column":91}},{"start":{"line":198,"column":91},"end":{"line":198,"column":null}}],"line":198},"13":{"loc":{"start":{"line":199,"column":8},"end":{"line":199,"column":null}},"type":"cond-expr","locations":[{"start":{"line":199,"column":45},"end":{"line":199,"column":82}},{"start":{"line":199,"column":82},"end":{"line":199,"column":null}}],"line":199},"14":{"loc":{"start":{"line":200,"column":8},"end":{"line":200,"column":null}},"type":"cond-expr","locations":[{"start":{"line":200,"column":42},"end":{"line":200,"column":73}},{"start":{"line":200,"column":73},"end":{"line":200,"column":null}}],"line":200},"15":{"loc":{"start":{"line":201,"column":8},"end":{"line":201,"column":null}},"type":"cond-expr","locations":[{"start":{"line":201,"column":49},"end":{"line":201,"column":94}},{"start":{"line":201,"column":94},"end":{"line":201,"column":null}}],"line":201},"16":{"loc":{"start":{"line":224,"column":2},"end":{"line":226,"column":null}},"type":"if","locations":[{"start":{"line":224,"column":2},"end":{"line":226,"column":null}},{"start":{},"end":{}}],"line":224},"17":{"loc":{"start":{"line":234,"column":2},"end":{"line":236,"column":null}},"type":"if","locations":[{"start":{"line":234,"column":2},"end":{"line":236,"column":null}},{"start":{},"end":{}}],"line":234},"18":{"loc":{"start":{"line":248,"column":2},"end":{"line":252,"column":null}},"type":"if","locations":[{"start":{"line":248,"column":2},"end":{"line":252,"column":null}},{"start":{},"end":{}}],"line":248},"19":{"loc":{"start":{"line":254,"column":2},"end":{"line":261,"column":null}},"type":"if","locations":[{"start":{"line":254,"column":2},"end":{"line":261,"column":null}},{"start":{},"end":{}}],"line":254},"20":{"loc":{"start":{"line":258,"column":8},"end":{"line":259,"column":null}},"type":"binary-expr","locations":[{"start":{"line":258,"column":8},"end":{"line":258,"column":null}},{"start":{"line":259,"column":8},"end":{"line":259,"column":null}}],"line":258},"21":{"loc":{"start":{"line":280,"column":2},"end":{"line":282,"column":null}},"type":"if","locations":[{"start":{"line":280,"column":2},"end":{"line":282,"column":null}},{"start":{},"end":{}}],"line":280},"22":{"loc":{"start":{"line":287,"column":2},"end":{"line":287,"column":null}},"type":"if","locations":[{"start":{"line":287,"column":2},"end":{"line":287,"column":null}},{"start":{},"end":{}}],"line":287},"23":{"loc":{"start":{"line":292,"column":2},"end":{"line":292,"column":null}},"type":"if","locations":[{"start":{"line":292,"column":2},"end":{"line":292,"column":null}},{"start":{},"end":{}}],"line":292},"24":{"loc":{"start":{"line":317,"column":2},"end":{"line":319,"column":null}},"type":"if","locations":[{"start":{"line":317,"column":2},"end":{"line":319,"column":null}},{"start":{},"end":{}}],"line":317},"25":{"loc":{"start":{"line":322,"column":2},"end":{"line":328,"column":null}},"type":"if","locations":[{"start":{"line":322,"column":2},"end":{"line":328,"column":null}},{"start":{},"end":{}}],"line":322},"26":{"loc":{"start":{"line":334,"column":2},"end":{"line":336,"column":null}},"type":"if","locations":[{"start":{"line":334,"column":2},"end":{"line":336,"column":null}},{"start":{},"end":{}}],"line":334},"27":{"loc":{"start":{"line":339,"column":2},"end":{"line":342,"column":null}},"type":"if","locations":[{"start":{"line":339,"column":2},"end":{"line":342,"column":null}},{"start":{},"end":{}}],"line":339},"28":{"loc":{"start":{"line":348,"column":2},"end":{"line":348,"column":null}},"type":"if","locations":[{"start":{"line":348,"column":2},"end":{"line":348,"column":null}},{"start":{},"end":{}}],"line":348},"29":{"loc":{"start":{"line":349,"column":2},"end":{"line":349,"column":null}},"type":"if","locations":[{"start":{"line":349,"column":2},"end":{"line":349,"column":null}},{"start":{},"end":{}}],"line":349},"30":{"loc":{"start":{"line":350,"column":2},"end":{"line":350,"column":null}},"type":"if","locations":[{"start":{"line":350,"column":2},"end":{"line":350,"column":null}},{"start":{},"end":{}}],"line":350},"31":{"loc":{"start":{"line":351,"column":2},"end":{"line":351,"column":null}},"type":"if","locations":[{"start":{"line":351,"column":2},"end":{"line":351,"column":null}},{"start":{},"end":{}}],"line":351},"32":{"loc":{"start":{"line":352,"column":2},"end":{"line":352,"column":null}},"type":"if","locations":[{"start":{"line":352,"column":2},"end":{"line":352,"column":null}},{"start":{},"end":{}}],"line":352},"33":{"loc":{"start":{"line":353,"column":2},"end":{"line":353,"column":null}},"type":"if","locations":[{"start":{"line":353,"column":2},"end":{"line":353,"column":null}},{"start":{},"end":{}}],"line":353},"34":{"loc":{"start":{"line":354,"column":2},"end":{"line":354,"column":null}},"type":"if","locations":[{"start":{"line":354,"column":2},"end":{"line":354,"column":null}},{"start":{},"end":{}}],"line":354},"35":{"loc":{"start":{"line":355,"column":2},"end":{"line":355,"column":null}},"type":"if","locations":[{"start":{"line":355,"column":2},"end":{"line":355,"column":null}},{"start":{},"end":{}}],"line":355},"36":{"loc":{"start":{"line":356,"column":2},"end":{"line":356,"column":null}},"type":"if","locations":[{"start":{"line":356,"column":2},"end":{"line":356,"column":null}},{"start":{},"end":{}}],"line":356},"37":{"loc":{"start":{"line":363,"column":8},"end":{"line":363,"column":null}},"type":"cond-expr","locations":[{"start":{"line":363,"column":34},"end":{"line":363,"column":59}},{"start":{"line":363,"column":59},"end":{"line":363,"column":null}}],"line":363},"38":{"loc":{"start":{"line":364,"column":8},"end":{"line":364,"column":null}},"type":"cond-expr","locations":[{"start":{"line":364,"column":35},"end":{"line":364,"column":62}},{"start":{"line":364,"column":62},"end":{"line":364,"column":null}}],"line":364},"39":{"loc":{"start":{"line":365,"column":8},"end":{"line":365,"column":null}},"type":"cond-expr","locations":[{"start":{"line":365,"column":44},"end":{"line":365,"column":89}},{"start":{"line":365,"column":89},"end":{"line":365,"column":null}}],"line":365},"40":{"loc":{"start":{"line":366,"column":8},"end":{"line":366,"column":null}},"type":"cond-expr","locations":[{"start":{"line":366,"column":33},"end":{"line":366,"column":56}},{"start":{"line":366,"column":56},"end":{"line":366,"column":null}}],"line":366},"41":{"loc":{"start":{"line":367,"column":8},"end":{"line":367,"column":null}},"type":"cond-expr","locations":[{"start":{"line":367,"column":41},"end":{"line":367,"column":80}},{"start":{"line":367,"column":80},"end":{"line":367,"column":null}}],"line":367},"42":{"loc":{"start":{"line":368,"column":8},"end":{"line":368,"column":null}},"type":"cond-expr","locations":[{"start":{"line":368,"column":38},"end":{"line":368,"column":71}},{"start":{"line":368,"column":71},"end":{"line":368,"column":null}}],"line":368},"43":{"loc":{"start":{"line":369,"column":8},"end":{"line":369,"column":null}},"type":"cond-expr","locations":[{"start":{"line":369,"column":35},"end":{"line":369,"column":62}},{"start":{"line":369,"column":62},"end":{"line":369,"column":null}}],"line":369},"44":{"loc":{"start":{"line":370,"column":8},"end":{"line":370,"column":null}},"type":"cond-expr","locations":[{"start":{"line":370,"column":32},"end":{"line":370,"column":53}},{"start":{"line":370,"column":53},"end":{"line":370,"column":null}}],"line":370},"45":{"loc":{"start":{"line":371,"column":8},"end":{"line":371,"column":null}},"type":"cond-expr","locations":[{"start":{"line":371,"column":39},"end":{"line":371,"column":74}},{"start":{"line":371,"column":74},"end":{"line":371,"column":null}}],"line":371}},"s":{"0":1,"1":16,"2":16,"3":16,"4":6,"5":6,"6":6,"7":6,"8":6,"9":6,"10":10,"11":0,"12":10,"13":10,"14":5,"15":5,"16":5,"17":5,"18":5,"19":5,"20":0,"21":5,"22":5,"23":0,"24":5,"25":5,"26":5,"27":5,"28":15,"29":5,"30":1,"31":3,"32":5,"33":3,"34":3,"35":9,"36":5,"37":3,"38":0,"39":3,"40":3,"41":3,"42":1,"43":2,"44":2,"45":1,"46":1,"47":3,"48":0,"49":3,"50":3,"51":1,"52":2,"53":2,"54":2,"55":1,"56":1,"57":1,"58":1,"59":0,"60":0,"61":0,"62":0,"63":0,"64":0,"65":0,"66":0,"67":0,"68":0,"69":0,"70":0,"71":0,"72":0,"73":0,"74":0,"75":0,"76":0,"77":0,"78":0,"79":0,"80":0,"81":3},"f":{"0":16,"1":6,"2":10,"3":5,"4":15,"5":3,"6":9,"7":3,"8":3},"b":{"0":[16,0],"1":[16,0],"2":[0,16],"3":[0,16],"4":[0,16],"5":[0,16],"6":[0,16],"7":[0,16],"8":[6,0],"9":[0,10],"10":[5,5],"11":[0,5],"12":[0,5],"13":[0,5],"14":[1,4],"15":[1,4],"16":[0,5],"17":[0,5],"18":[1,4],"19":[3,2],"20":[9,8],"21":[0,3],"22":[1,2],"23":[1,1],"24":[0,3],"25":[1,2],"26":[1,1],"27":[1,0],"28":[0,0],"29":[0,0],"30":[0,0],"31":[0,0],"32":[0,0],"33":[0,0],"34":[0,0],"35":[0,0],"36":[0,0],"37":[0,0],"38":[0,0],"39":[0,0],"40":[0,0],"41":[0,0],"42":[0,0],"43":[0,0],"44":[0,0],"45":[0,0]},"meta":{"lastBranch":46,"lastFunction":9,"lastStatement":82,"seen":{"s:61:19:61:Infinity":0,"f:99:9:99:31":0,"s:101:4:103:Infinity":1,"b:102:8:102:Infinity:103:8:103:Infinity":0,"s:106:4:108:Infinity":2,"b:107:8:107:Infinity:108:8:108:Infinity":1,"s:110:2:126:Infinity":3,"b:120:44:120:86:120:86:120:Infinity":2,"b:121:41:121:77:121:77:121:Infinity":3,"b:122:38:122:68:122:68:122:Infinity":4,"b:123:35:123:59:123:59:123:Infinity":5,"b:124:42:124:80:124:80:124:Infinity":6,"b:125:40:125:74:125:74:125:Infinity":7,"f:133:9:133:Infinity":1,"s:136:41:136:Infinity":4,"s:137:2:142:Infinity":5,"s:138:18:138:Infinity":6,"b:139:4:141:Infinity:undefined:undefined:undefined:undefined":8,"s:139:4:141:Infinity":7,"s:140:6:140:Infinity":8,"s:143:2:143:Infinity":9,"f:158:22:158:Infinity":2,"b:162:2:164:Infinity:undefined:undefined:undefined:undefined":9,"s:162:2:164:Infinity":10,"s:163:4:163:Infinity":11,"s:166:17:166:Infinity":12,"b:167:2:173:Infinity:undefined:undefined:undefined:undefined":10,"s:167:2:173:Infinity":13,"s:168:4:172:Infinity":14,"s:175:14:175:Infinity":15,"s:176:24:181:Infinity":16,"s:183:17:183:Infinity":17,"s:188:2:202:Infinity":18,"b:197:51:197:100:197:100:197:Infinity":11,"b:198:48:198:91:198:91:198:Infinity":12,"b:199:45:199:82:199:82:199:Infinity":13,"b:200:42:200:73:200:73:200:Infinity":14,"b:201:49:201:94:201:94:201:Infinity":15,"f:220:22:220:Infinity":3,"b:224:2:226:Infinity:undefined:undefined:undefined:undefined":16,"s:224:2:226:Infinity":19,"s:225:4:225:Infinity":20,"s:229:41:231:Infinity":21,"b:234:2:236:Infinity:undefined:undefined:undefined:undefined":17,"s:234:2:236:Infinity":22,"s:235:4:235:Infinity":23,"s:238:2:238:Infinity":24,"s:240:12:240:Infinity":25,"s:241:19:241:Infinity":26,"s:243:21:245:Infinity":27,"f:243:35:243:40":4,"s:244:4:244:Infinity":28,"b:248:2:252:Infinity:undefined:undefined:undefined:undefined":18,"s:248:2:252:Infinity":29,"s:249:4:251:Infinity":30,"f:249:32:249:Infinity":5,"s:250:13:250:Infinity":31,"b:254:2:261:Infinity:undefined:undefined:undefined:undefined":19,"s:254:2:261:Infinity":32,"s:255:17:255:Infinity":33,"s:256:4:260:Infinity":34,"f:256:32:256:Infinity":6,"s:258:8:259:Infinity":35,"b:258:8:258:Infinity:259:8:259:Infinity":20,"s:263:2:263:Infinity":36,"f:276:22:276:Infinity":7,"b:280:2:282:Infinity:undefined:undefined:undefined:undefined":21,"s:280:2:282:Infinity":37,"s:281:4:281:Infinity":38,"s:284:17:284:Infinity":39,"s:285:18:285:Infinity":40,"b:287:2:287:Infinity:undefined:undefined:undefined:undefined":22,"s:287:2:287:Infinity":41,"s:287:25:287:Infinity":42,"s:289:15:289:Infinity":43,"b:292:2:292:Infinity:undefined:undefined:undefined:undefined":23,"s:292:2:292:Infinity":44,"s:292:30:292:Infinity":45,"s:294:2:294:Infinity":46,"f:312:22:312:Infinity":8,"b:317:2:319:Infinity:undefined:undefined:undefined:undefined":24,"s:317:2:319:Infinity":47,"s:318:4:318:Infinity":48,"s:321:17:321:Infinity":49,"b:322:2:328:Infinity:undefined:undefined:undefined:undefined":25,"s:322:2:328:Infinity":50,"s:323:4:327:Infinity":51,"s:331:17:331:Infinity":52,"s:332:18:332:Infinity":53,"b:334:2:336:Infinity:undefined:undefined:undefined:undefined":26,"s:334:2:336:Infinity":54,"s:335:4:335:Infinity":55,"s:338:19:338:Infinity":56,"b:339:2:342:Infinity:undefined:undefined:undefined:undefined":27,"s:339:2:342:Infinity":57,"s:341:4:341:Infinity":58,"s:345:49:345:Infinity":59,"s:346:12:346:Infinity":60,"b:348:2:348:Infinity:undefined:undefined:undefined:undefined":28,"s:348:2:348:Infinity":61,"s:348:31:348:Infinity":62,"b:349:2:349:Infinity:undefined:undefined:undefined:undefined":29,"s:349:2:349:Infinity":63,"s:349:32:349:Infinity":64,"b:350:2:350:Infinity:undefined:undefined:undefined:undefined":30,"s:350:2:350:Infinity":65,"s:350:41:350:Infinity":66,"b:351:2:351:Infinity:undefined:undefined:undefined:undefined":31,"s:351:2:351:Infinity":67,"s:351:30:351:Infinity":68,"b:352:2:352:Infinity:undefined:undefined:undefined:undefined":32,"s:352:2:352:Infinity":69,"s:352:38:352:Infinity":70,"b:353:2:353:Infinity:undefined:undefined:undefined:undefined":33,"s:353:2:353:Infinity":71,"s:353:35:353:Infinity":72,"b:354:2:354:Infinity:undefined:undefined:undefined:undefined":34,"s:354:2:354:Infinity":73,"s:354:32:354:Infinity":74,"b:355:2:355:Infinity:undefined:undefined:undefined:undefined":35,"s:355:2:355:Infinity":75,"s:355:29:355:Infinity":76,"b:356:2:356:Infinity:undefined:undefined:undefined:undefined":36,"s:356:2:356:Infinity":77,"s:356:36:356:Infinity":78,"s:358:2:358:Infinity":79,"s:361:36:373:Infinity":80,"b:363:34:363:59:363:59:363:Infinity":37,"b:364:35:364:62:364:62:364:Infinity":38,"b:365:44:365:89:365:89:365:Infinity":39,"b:366:33:366:56:366:56:366:Infinity":40,"b:367:41:367:80:367:80:367:Infinity":41,"b:368:38:368:71:368:71:368:Infinity":42,"b:369:35:369:62:369:62:369:Infinity":43,"b:370:32:370:53:370:53:370:Infinity":44,"b:371:39:371:74:371:74:371:Infinity":45,"s:375:2:375:Infinity":81},"fnNames":{}}}
,"D:\\job-application-tracker\\Job-Application-Tracker\\Frontend\\src\\lib\\dashboard-service.ts": {"path":"D:\\job-application-tracker\\Job-Application-Tracker\\Frontend\\src\\lib\\dashboard-service.ts","statementMap":{"0":{"start":{"line":39,"column":26},"end":{"line":39,"column":null}},"1":{"start":{"line":42,"column":16},"end":{"line":42,"column":null}},"2":{"start":{"line":45,"column":19},"end":{"line":52,"column":null}},"3":{"start":{"line":54,"column":2},"end":{"line":75,"column":null}},"4":{"start":{"line":55,"column":4},"end":{"line":74,"column":null}},"5":{"start":{"line":57,"column":8},"end":{"line":57,"column":null}},"6":{"start":{"line":58,"column":8},"end":{"line":58,"column":null}},"7":{"start":{"line":60,"column":8},"end":{"line":60,"column":null}},"8":{"start":{"line":61,"column":8},"end":{"line":61,"column":null}},"9":{"start":{"line":63,"column":8},"end":{"line":63,"column":null}},"10":{"start":{"line":64,"column":8},"end":{"line":64,"column":null}},"11":{"start":{"line":66,"column":8},"end":{"line":66,"column":null}},"12":{"start":{"line":67,"column":8},"end":{"line":67,"column":null}},"13":{"start":{"line":69,"column":8},"end":{"line":69,"column":null}},"14":{"start":{"line":70,"column":8},"end":{"line":70,"column":null}},"15":{"start":{"line":72,"column":8},"end":{"line":72,"column":null}},"16":{"start":{"line":73,"column":8},"end":{"line":73,"column":null}},"17":{"start":{"line":78,"column":29},"end":{"line":78,"column":null}},"18":{"start":{"line":81,"column":28},"end":{"line":88,"column":null}},"19":{"start":{"line":82,"column":21},"end":{"line":82,"column":80}},"20":{"start":{"line":84,"column":20},"end":{"line":84,"column":null}},"21":{"start":{"line":85,"column":20},"end":{"line":85,"column":null}},"22":{"start":{"line":86,"column":6},"end":{"line":86,"column":null}},"23":{"start":{"line":90,"column":2},"end":{"line":95,"column":null}}},"fnMap":{"0":{"name":"getDashboardStats","decl":{"start":{"line":37,"column":22},"end":{"line":37,"column":40}},"loc":{"start":{"line":37,"column":81},"end":{"line":96,"column":null}},"line":37},"1":{"name":"(anonymous_1)","decl":{"start":{"line":82,"column":5},"end":{"line":82,"column":13}},"loc":{"start":{"line":82,"column":21},"end":{"line":82,"column":80}},"line":82},"2":{"name":"(anonymous_2)","decl":{"start":{"line":83,"column":5},"end":{"line":83,"column":11}},"loc":{"start":{"line":83,"column":20},"end":{"line":87,"column":5}},"line":83}},"branchMap":{"0":{"loc":{"start":{"line":55,"column":4},"end":{"line":74,"column":null}},"type":"switch","locations":[{"start":{"line":56,"column":6},"end":{"line":58,"column":null}},{"start":{"line":59,"column":6},"end":{"line":61,"column":null}},{"start":{"line":62,"column":6},"end":{"line":64,"column":null}},{"start":{"line":65,"column":6},"end":{"line":67,"column":null}},{"start":{"line":68,"column":6},"end":{"line":70,"column":null}},{"start":{"line":71,"column":6},"end":{"line":73,"column":null}}],"line":55},"1":{"loc":{"start":{"line":82,"column":21},"end":{"line":82,"column":80}},"type":"binary-expr","locations":[{"start":{"line":82,"column":21},"end":{"line":82,"column":55}},{"start":{"line":82,"column":55},"end":{"line":82,"column":80}}],"line":82},"2":{"loc":{"start":{"line":84,"column":20},"end":{"line":84,"column":null}},"type":"binary-expr","locations":[{"start":{"line":84,"column":20},"end":{"line":84,"column":38}},{"start":{"line":84,"column":38},"end":{"line":84,"column":null}}],"line":84},"3":{"loc":{"start":{"line":85,"column":20},"end":{"line":85,"column":null}},"type":"binary-expr","locations":[{"start":{"line":85,"column":20},"end":{"line":85,"column":38}},{"start":{"line":85,"column":38},"end":{"line":85,"column":null}}],"line":85}},"s":{"0":7,"1":7,"2":7,"3":7,"4":33,"5":1,"6":1,"7":28,"8":28,"9":1,"10":1,"11":1,"12":1,"13":1,"14":1,"15":1,"16":1,"17":7,"18":7,"19":33,"20":3,"21":3,"22":3,"23":7},"f":{"0":7,"1":33,"2":3},"b":{"0":[1,28,1,1,1,1],"1":[33,5],"2":[3,0],"3":[3,0]},"meta":{"lastBranch":4,"lastFunction":3,"lastStatement":24,"seen":{"f:37:22:37:40":0,"s:39:26:39:Infinity":0,"s:42:16:42:Infinity":1,"s:45:19:52:Infinity":2,"s:54:2:75:Infinity":3,"b:56:6:58:Infinity:59:6:61:Infinity:62:6:64:Infinity:65:6:67:Infinity:68:6:70:Infinity:71:6:73:Infinity":0,"s:55:4:74:Infinity":4,"s:57:8:57:Infinity":5,"s:58:8:58:Infinity":6,"s:60:8:60:Infinity":7,"s:61:8:61:Infinity":8,"s:63:8:63:Infinity":9,"s:64:8:64:Infinity":10,"s:66:8:66:Infinity":11,"s:67:8:67:Infinity":12,"s:69:8:69:Infinity":13,"s:70:8:70:Infinity":14,"s:72:8:72:Infinity":15,"s:73:8:73:Infinity":16,"s:78:29:78:Infinity":17,"s:81:28:88:Infinity":18,"f:82:5:82:13":1,"s:82:21:82:80":19,"b:82:21:82:55:82:55:82:80":1,"f:83:5:83:11":2,"s:84:20:84:Infinity":20,"b:84:20:84:38:84:38:84:Infinity":2,"s:85:20:85:Infinity":21,"b:85:20:85:38:85:38:85:Infinity":3,"s:86:6:86:Infinity":22,"s:90:2:95:Infinity":23},"fnNames":{}}}
,"D:\\job-application-tracker\\Job-Application-Tracker\\Frontend\\src\\lib\\documents-service.ts": {"path":"D:\\job-application-tracker\\Job-Application-Tracker\\Frontend\\src\\lib\\documents-service.ts","statementMap":{"0":{"start":{"line":50,"column":19},"end":{"line":50,"column":null}},"1":{"start":{"line":53,"column":22},"end":{"line":57,"column":null}},"2":{"start":{"line":71,"column":2},"end":{"line":84,"column":null}},"3":{"start":{"line":108,"column":2},"end":{"line":108,"column":null}},"4":{"start":{"line":108,"column":11},"end":{"line":108,"column":null}},"5":{"start":{"line":109,"column":2},"end":{"line":109,"column":null}},"6":{"start":{"line":109,"column":12},"end":{"line":109,"column":null}},"7":{"start":{"line":111,"column":18},"end":{"line":111,"column":null}},"8":{"start":{"line":114,"column":2},"end":{"line":119,"column":null}},"9":{"start":{"line":115,"column":4},"end":{"line":118,"column":null}},"10":{"start":{"line":122,"column":2},"end":{"line":124,"column":null}},"11":{"start":{"line":123,"column":4},"end":{"line":123,"column":null}},"12":{"start":{"line":127,"column":2},"end":{"line":132,"column":null}},"13":{"start":{"line":128,"column":22},"end":{"line":128,"column":null}},"14":{"start":{"line":129,"column":4},"end":{"line":131,"column":null}},"15":{"start":{"line":130,"column":6},"end":{"line":130,"column":null}},"16":{"start":{"line":136,"column":22},"end":{"line":136,"column":null}},"17":{"start":{"line":137,"column":21},"end":{"line":137,"column":null}},"18":{"start":{"line":138,"column":2},"end":{"line":138,"column":null}},"19":{"start":{"line":141,"column":14},"end":{"line":141,"column":null}},"20":{"start":{"line":142,"column":49},"end":{"line":149,"column":null}},"21":{"start":{"line":151,"column":2},"end":{"line":151,"column":null}},"22":{"start":{"line":151,"column":35},"end":{"line":151,"column":null}},"23":{"start":{"line":152,"column":2},"end":{"line":152,"column":null}},"24":{"start":{"line":152,"column":33},"end":{"line":152,"column":null}},"25":{"start":{"line":154,"column":17},"end":{"line":154,"column":null}},"26":{"start":{"line":156,"column":2},"end":{"line":166,"column":null}},"27":{"start":{"line":183,"column":2},"end":{"line":183,"column":null}},"28":{"start":{"line":183,"column":11},"end":{"line":183,"column":null}},"29":{"start":{"line":185,"column":12},"end":{"line":189,"column":null}},"30":{"start":{"line":191,"column":19},"end":{"line":191,"column":null}},"31":{"start":{"line":192,"column":18},"end":{"line":192,"column":null}},"32":{"start":{"line":192,"column":43},"end":{"line":192,"column":95}},"33":{"start":{"line":195,"column":2},"end":{"line":197,"column":null}},"34":{"start":{"line":196,"column":4},"end":{"line":196,"column":null}},"35":{"start":{"line":196,"column":40},"end":{"line":196,"column":73}},"36":{"start":{"line":199,"column":2},"end":{"line":199,"column":null}},"37":{"start":{"line":223,"column":2},"end":{"line":223,"column":null}},"38":{"start":{"line":223,"column":11},"end":{"line":223,"column":null}},"39":{"start":{"line":224,"column":2},"end":{"line":224,"column":null}},"40":{"start":{"line":224,"column":12},"end":{"line":224,"column":null}},"41":{"start":{"line":226,"column":18},"end":{"line":226,"column":null}},"42":{"start":{"line":228,"column":17},"end":{"line":228,"column":null}},"43":{"start":{"line":229,"column":18},"end":{"line":229,"column":null}},"44":{"start":{"line":231,"column":2},"end":{"line":233,"column":null}},"45":{"start":{"line":232,"column":4},"end":{"line":232,"column":null}},"46":{"start":{"line":235,"column":15},"end":{"line":235,"column":null}},"47":{"start":{"line":236,"column":2},"end":{"line":238,"column":null}},"48":{"start":{"line":237,"column":4},"end":{"line":237,"column":null}},"49":{"start":{"line":240,"column":21},"end":{"line":240,"column":null}},"50":{"start":{"line":241,"column":2},"end":{"line":241,"column":null}},"51":{"start":{"line":260,"column":2},"end":{"line":260,"column":null}},"52":{"start":{"line":260,"column":11},"end":{"line":260,"column":null}},"53":{"start":{"line":261,"column":2},"end":{"line":261,"column":null}},"54":{"start":{"line":261,"column":12},"end":{"line":261,"column":null}},"55":{"start":{"line":263,"column":18},"end":{"line":263,"column":null}},"56":{"start":{"line":265,"column":17},"end":{"line":265,"column":null}},"57":{"start":{"line":266,"column":18},"end":{"line":266,"column":null}},"58":{"start":{"line":268,"column":2},"end":{"line":270,"column":null}},"59":{"start":{"line":269,"column":4},"end":{"line":269,"column":null}},"60":{"start":{"line":272,"column":15},"end":{"line":272,"column":null}},"61":{"start":{"line":273,"column":2},"end":{"line":275,"column":null}},"62":{"start":{"line":274,"column":4},"end":{"line":274,"column":null}},"63":{"start":{"line":278,"column":21},"end":{"line":278,"column":null}},"64":{"start":{"line":279,"column":2},"end":{"line":279,"column":null}},"65":{"start":{"line":282,"column":2},"end":{"line":282,"column":null}}},"fnMap":{"0":{"name":"toDocumentMetadata","decl":{"start":{"line":70,"column":9},"end":{"line":70,"column":28}},"loc":{"start":{"line":70,"column":80},"end":{"line":85,"column":null}},"line":70},"1":{"name":"uploadDocument","decl":{"start":{"line":102,"column":22},"end":{"line":102,"column":null}},"loc":{"start":{"line":107,"column":29},"end":{"line":167,"column":null}},"line":107},"2":{"name":"getDocuments","decl":{"start":{"line":179,"column":22},"end":{"line":179,"column":null}},"loc":{"start":{"line":182,"column":31},"end":{"line":200,"column":null}},"line":182},"3":{"name":"(anonymous_3)","decl":{"start":{"line":192,"column":32},"end":{"line":192,"column":37}},"loc":{"start":{"line":192,"column":43},"end":{"line":192,"column":95}},"line":192},"4":{"name":"(anonymous_4)","decl":{"start":{"line":196,"column":26},"end":{"line":196,"column":34}},"loc":{"start":{"line":196,"column":40},"end":{"line":196,"column":73}},"line":196},"5":{"name":"getDocumentDownloadUrl","decl":{"start":{"line":219,"column":22},"end":{"line":219,"column":null}},"loc":{"start":{"line":222,"column":19},"end":{"line":242,"column":null}},"line":222},"6":{"name":"deleteDocument","decl":{"start":{"line":259,"column":22},"end":{"line":259,"column":37}},"loc":{"start":{"line":259,"column":88},"end":{"line":283,"column":null}},"line":259}},"branchMap":{"0":{"loc":{"start":{"line":79,"column":6},"end":{"line":81,"column":null}},"type":"cond-expr","locations":[{"start":{"line":80,"column":10},"end":{"line":80,"column":null}},{"start":{"line":81,"column":10},"end":{"line":81,"column":null}}],"line":79},"1":{"loc":{"start":{"line":82,"column":8},"end":{"line":82,"column":null}},"type":"cond-expr","locations":[{"start":{"line":82,"column":43},"end":{"line":82,"column":83}},{"start":{"line":82,"column":83},"end":{"line":82,"column":null}}],"line":82},"2":{"loc":{"start":{"line":83,"column":8},"end":{"line":83,"column":null}},"type":"cond-expr","locations":[{"start":{"line":83,"column":41},"end":{"line":83,"column":77}},{"start":{"line":83,"column":77},"end":{"line":83,"column":null}}],"line":83},"3":{"loc":{"start":{"line":108,"column":2},"end":{"line":108,"column":null}},"type":"if","locations":[{"start":{"line":108,"column":2},"end":{"line":108,"column":null}},{"start":{},"end":{}}],"line":108},"4":{"loc":{"start":{"line":109,"column":2},"end":{"line":109,"column":null}},"type":"if","locations":[{"start":{"line":109,"column":2},"end":{"line":109,"column":null}},{"start":{},"end":{}}],"line":109},"5":{"loc":{"start":{"line":114,"column":2},"end":{"line":119,"column":null}},"type":"if","locations":[{"start":{"line":114,"column":2},"end":{"line":119,"column":null}},{"start":{},"end":{}}],"line":114},"6":{"loc":{"start":{"line":122,"column":2},"end":{"line":124,"column":null}},"type":"if","locations":[{"start":{"line":122,"column":2},"end":{"line":124,"column":null}},{"start":{},"end":{}}],"line":122},"7":{"loc":{"start":{"line":127,"column":2},"end":{"line":132,"column":null}},"type":"if","locations":[{"start":{"line":127,"column":2},"end":{"line":132,"column":null}},{"start":{},"end":{}}],"line":127},"8":{"loc":{"start":{"line":129,"column":4},"end":{"line":131,"column":null}},"type":"if","locations":[{"start":{"line":129,"column":4},"end":{"line":131,"column":null}},{"start":{},"end":{}}],"line":129},"9":{"loc":{"start":{"line":151,"column":2},"end":{"line":151,"column":null}},"type":"if","locations":[{"start":{"line":151,"column":2},"end":{"line":151,"column":null}},{"start":{},"end":{}}],"line":151},"10":{"loc":{"start":{"line":152,"column":2},"end":{"line":152,"column":null}},"type":"if","locations":[{"start":{"line":152,"column":2},"end":{"line":152,"column":null}},{"start":{},"end":{}}],"line":152},"11":{"loc":{"start":{"line":164,"column":8},"end":{"line":164,"column":null}},"type":"cond-expr","locations":[{"start":{"line":164,"column":38},"end":{"line":164,"column":58}},{"start":{"line":164,"column":58},"end":{"line":164,"column":null}}],"line":164},"12":{"loc":{"start":{"line":165,"column":8},"end":{"line":165,"column":null}},"type":"cond-expr","locations":[{"start":{"line":165,"column":36},"end":{"line":165,"column":54}},{"start":{"line":165,"column":54},"end":{"line":165,"column":null}}],"line":165},"13":{"loc":{"start":{"line":183,"column":2},"end":{"line":183,"column":null}},"type":"if","locations":[{"start":{"line":183,"column":2},"end":{"line":183,"column":null}},{"start":{},"end":{}}],"line":183},"14":{"loc":{"start":{"line":195,"column":2},"end":{"line":197,"column":null}},"type":"if","locations":[{"start":{"line":195,"column":2},"end":{"line":197,"column":null}},{"start":{},"end":{}}],"line":195},"15":{"loc":{"start":{"line":223,"column":2},"end":{"line":223,"column":null}},"type":"if","locations":[{"start":{"line":223,"column":2},"end":{"line":223,"column":null}},{"start":{},"end":{}}],"line":223},"16":{"loc":{"start":{"line":224,"column":2},"end":{"line":224,"column":null}},"type":"if","locations":[{"start":{"line":224,"column":2},"end":{"line":224,"column":null}},{"start":{},"end":{}}],"line":224},"17":{"loc":{"start":{"line":231,"column":2},"end":{"line":233,"column":null}},"type":"if","locations":[{"start":{"line":231,"column":2},"end":{"line":233,"column":null}},{"start":{},"end":{}}],"line":231},"18":{"loc":{"start":{"line":236,"column":2},"end":{"line":238,"column":null}},"type":"if","locations":[{"start":{"line":236,"column":2},"end":{"line":238,"column":null}},{"start":{},"end":{}}],"line":236},"19":{"loc":{"start":{"line":260,"column":2},"end":{"line":260,"column":null}},"type":"if","locations":[{"start":{"line":260,"column":2},"end":{"line":260,"column":null}},{"start":{},"end":{}}],"line":260},"20":{"loc":{"start":{"line":261,"column":2},"end":{"line":261,"column":null}},"type":"if","locations":[{"start":{"line":261,"column":2},"end":{"line":261,"column":null}},{"start":{},"end":{}}],"line":261},"21":{"loc":{"start":{"line":268,"column":2},"end":{"line":270,"column":null}},"type":"if","locations":[{"start":{"line":268,"column":2},"end":{"line":270,"column":null}},{"start":{},"end":{}}],"line":268},"22":{"loc":{"start":{"line":273,"column":2},"end":{"line":275,"column":null}},"type":"if","locations":[{"start":{"line":273,"column":2},"end":{"line":275,"column":null}},{"start":{},"end":{}}],"line":273}},"s":{"0":1,"1":1,"2":0,"3":6,"4":0,"5":6,"6":0,"7":6,"8":6,"9":1,"10":5,"11":1,"12":4,"13":1,"14":1,"15":1,"16":3,"17":3,"18":3,"19":3,"20":3,"21":3,"22":0,"23":3,"24":0,"25":3,"26":3,"27":0,"28":0,"29":0,"30":0,"31":0,"32":0,"33":0,"34":0,"35":0,"36":0,"37":3,"38":0,"39":3,"40":0,"41":3,"42":3,"43":3,"44":3,"45":1,"46":2,"47":2,"48":1,"49":1,"50":1,"51":1,"52":0,"53":1,"54":0,"55":1,"56":1,"57":1,"58":1,"59":0,"60":1,"61":1,"62":1,"63":0,"64":0,"65":0},"f":{"0":0,"1":6,"2":0,"3":0,"4":0,"5":3,"6":1},"b":{"0":[0,0],"1":[0,0],"2":[0,0],"3":[0,6],"4":[0,6],"5":[1,5],"6":[1,4],"7":[1,3],"8":[1,0],"9":[0,3],"10":[0,3],"11":[0,3],"12":[0,3],"13":[0,0],"14":[0,0],"15":[0,3],"16":[0,3],"17":[1,2],"18":[1,1],"19":[0,1],"20":[0,1],"21":[0,1],"22":[1,0]},"meta":{"lastBranch":23,"lastFunction":7,"lastStatement":66,"seen":{"s:50:19:50:Infinity":0,"s:53:22:57:Infinity":1,"f:70:9:70:28":0,"s:71:2:84:Infinity":2,"b:80:10:80:Infinity:81:10:81:Infinity":0,"b:82:43:82:83:82:83:82:Infinity":1,"b:83:41:83:77:83:77:83:Infinity":2,"f:102:22:102:Infinity":1,"b:108:2:108:Infinity:undefined:undefined:undefined:undefined":3,"s:108:2:108:Infinity":3,"s:108:11:108:Infinity":4,"b:109:2:109:Infinity:undefined:undefined:undefined:undefined":4,"s:109:2:109:Infinity":5,"s:109:12:109:Infinity":6,"s:111:18:111:Infinity":7,"b:114:2:119:Infinity:undefined:undefined:undefined:undefined":5,"s:114:2:119:Infinity":8,"s:115:4:118:Infinity":9,"b:122:2:124:Infinity:undefined:undefined:undefined:undefined":6,"s:122:2:124:Infinity":10,"s:123:4:123:Infinity":11,"b:127:2:132:Infinity:undefined:undefined:undefined:undefined":7,"s:127:2:132:Infinity":12,"s:128:22:128:Infinity":13,"b:129:4:131:Infinity:undefined:undefined:undefined:undefined":8,"s:129:4:131:Infinity":14,"s:130:6:130:Infinity":15,"s:136:22:136:Infinity":16,"s:137:21:137:Infinity":17,"s:138:2:138:Infinity":18,"s:141:14:141:Infinity":19,"s:142:49:149:Infinity":20,"b:151:2:151:Infinity:undefined:undefined:undefined:undefined":9,"s:151:2:151:Infinity":21,"s:151:35:151:Infinity":22,"b:152:2:152:Infinity:undefined:undefined:undefined:undefined":10,"s:152:2:152:Infinity":23,"s:152:33:152:Infinity":24,"s:154:17:154:Infinity":25,"s:156:2:166:Infinity":26,"b:164:38:164:58:164:58:164:Infinity":11,"b:165:36:165:54:165:54:165:Infinity":12,"f:179:22:179:Infinity":2,"b:183:2:183:Infinity:undefined:undefined:undefined:undefined":13,"s:183:2:183:Infinity":27,"s:183:11:183:Infinity":28,"s:185:12:189:Infinity":29,"s:191:19:191:Infinity":30,"s:192:18:192:Infinity":31,"f:192:32:192:37":3,"s:192:43:192:95":32,"b:195:2:197:Infinity:undefined:undefined:undefined:undefined":14,"s:195:2:197:Infinity":33,"s:196:4:196:Infinity":34,"f:196:26:196:34":4,"s:196:40:196:73":35,"s:199:2:199:Infinity":36,"f:219:22:219:Infinity":5,"b:223:2:223:Infinity:undefined:undefined:undefined:undefined":15,"s:223:2:223:Infinity":37,"s:223:11:223:Infinity":38,"b:224:2:224:Infinity:undefined:undefined:undefined:undefined":16,"s:224:2:224:Infinity":39,"s:224:12:224:Infinity":40,"s:226:18:226:Infinity":41,"s:228:17:228:Infinity":42,"s:229:18:229:Infinity":43,"b:231:2:233:Infinity:undefined:undefined:undefined:undefined":17,"s:231:2:233:Infinity":44,"s:232:4:232:Infinity":45,"s:235:15:235:Infinity":46,"b:236:2:238:Infinity:undefined:undefined:undefined:undefined":18,"s:236:2:238:Infinity":47,"s:237:4:237:Infinity":48,"s:240:21:240:Infinity":49,"s:241:2:241:Infinity":50,"f:259:22:259:37":6,"b:260:2:260:Infinity:undefined:undefined:undefined:undefined":19,"s:260:2:260:Infinity":51,"s:260:11:260:Infinity":52,"b:261:2:261:Infinity:undefined:undefined:undefined:undefined":20,"s:261:2:261:Infinity":53,"s:261:12:261:Infinity":54,"s:263:18:263:Infinity":55,"s:265:17:265:Infinity":56,"s:266:18:266:Infinity":57,"b:268:2:270:Infinity:undefined:undefined:undefined:undefined":21,"s:268:2:270:Infinity":58,"s:269:4:269:Infinity":59,"s:272:15:272:Infinity":60,"b:273:2:275:Infinity:undefined:undefined:undefined:undefined":22,"s:273:2:275:Infinity":61,"s:274:4:274:Infinity":62,"s:278:21:278:Infinity":63,"s:279:2:279:Infinity":64,"s:282:2:282:Infinity":65},"fnNames":{}}}
,"D:\\job-application-tracker\\Job-Application-Tracker\\Frontend\\src\\lib\\error-capture.ts": {"path":"D:\\job-application-tracker\\Job-Application-Tracker\\Frontend\\src\\lib\\error-capture.ts","statementMap":{"0":{"start":{"line":5,"column":15},"end":{"line":5,"column":null}},"1":{"start":{"line":8,"column":2},"end":{"line":8,"column":null}},"2":{"start":{"line":15,"column":26},"end":{"line":15,"column":null}},"3":{"start":{"line":16,"column":33},"end":{"line":16,"column":null}},"4":{"start":{"line":19,"column":26},"end":{"line":19,"column":null}},"5":{"start":{"line":20,"column":25},"end":{"line":20,"column":null}},"6":{"start":{"line":21,"column":2},"end":{"line":30,"column":null}},"7":{"start":{"line":21,"column":19},"end":{"line":21,"column":22}},"8":{"start":{"line":22,"column":4},"end":{"line":25,"column":null}},"9":{"start":{"line":23,"column":6},"end":{"line":23,"column":null}},"10":{"start":{"line":24,"column":6},"end":{"line":24,"column":null}},"11":{"start":{"line":26,"column":18},"end":{"line":26,"column":null}},"12":{"start":{"line":27,"column":19},"end":{"line":27,"column":null}},"13":{"start":{"line":28,"column":4},"end":{"line":28,"column":null}},"14":{"start":{"line":29,"column":4},"end":{"line":29,"column":null}},"15":{"start":{"line":31,"column":2},"end":{"line":31,"column":null}},"16":{"start":{"line":35,"column":33},"end":{"line":35,"column":null}},"17":{"start":{"line":36,"column":16},"end":{"line":36,"column":null}},"18":{"start":{"line":37,"column":2},"end":{"line":37,"column":null}},"19":{"start":{"line":41,"column":2},"end":{"line":45,"column":null}},"20":{"start":{"line":42,"column":4},"end":{"line":42,"column":null}},"21":{"start":{"line":44,"column":4},"end":{"line":44,"column":null}},"22":{"start":{"line":49,"column":2},"end":{"line":49,"column":null}},"23":{"start":{"line":55,"column":29},"end":{"line":55,"column":null}},"24":{"start":{"line":56,"column":0},"end":{"line":63,"column":null}},"25":{"start":{"line":57,"column":19},"end":{"line":61,"column":null}},"26":{"start":{"line":58,"column":4},"end":{"line":58,"column":null}},"27":{"start":{"line":58,"column":27},"end":{"line":58,"column":null}},"28":{"start":{"line":59,"column":4},"end":{"line":59,"column":null}},"29":{"start":{"line":60,"column":4},"end":{"line":60,"column":null}},"30":{"start":{"line":62,"column":2},"end":{"line":62,"column":null}},"31":{"start":{"line":65,"column":0},"end":{"line":70,"column":null}},"32":{"start":{"line":66,"column":2},"end":{"line":66,"column":null}},"33":{"start":{"line":66,"column":50},"end":{"line":66,"column":94}},"34":{"start":{"line":67,"column":2},"end":{"line":69,"column":null}},"35":{"start":{"line":68,"column":4},"end":{"line":68,"column":null}},"36":{"start":{"line":73,"column":2},"end":{"line":73,"column":null}},"37":{"start":{"line":73,"column":26},"end":{"line":73,"column":null}},"38":{"start":{"line":74,"column":2},"end":{"line":77,"column":null}},"39":{"start":{"line":75,"column":4},"end":{"line":75,"column":null}},"40":{"start":{"line":76,"column":4},"end":{"line":76,"column":null}},"41":{"start":{"line":78,"column":20},"end":{"line":78,"column":null}},"42":{"start":{"line":79,"column":2},"end":{"line":79,"column":null}},"43":{"start":{"line":80,"column":2},"end":{"line":80,"column":null}}},"fnMap":{"0":{"name":"record","decl":{"start":{"line":7,"column":9},"end":{"line":7,"column":16}},"loc":{"start":{"line":7,"column":32},"end":{"line":9,"column":null}},"line":7},"1":{"name":"describeError","decl":{"start":{"line":18,"column":16},"end":{"line":18,"column":30}},"loc":{"start":{"line":18,"column":54},"end":{"line":32,"column":null}},"line":18},"2":{"name":"describeStatus","decl":{"start":{"line":34,"column":9},"end":{"line":34,"column":24}},"loc":{"start":{"line":34,"column":46},"end":{"line":38,"column":null}},"line":34},"3":{"name":"safeStringify","decl":{"start":{"line":40,"column":9},"end":{"line":40,"column":23}},"loc":{"start":{"line":40,"column":47},"end":{"line":46,"column":null}},"line":40},"4":{"name":"isErrorLike","decl":{"start":{"line":48,"column":9},"end":{"line":48,"column":21}},"loc":{"start":{"line":48,"column":53},"end":{"line":50,"column":null}},"line":48},"5":{"name":"(anonymous_5)","decl":{"start":{"line":56,"column":8},"end":{"line":56,"column":17}},"loc":{"start":{"line":56,"column":40},"end":{"line":63,"column":null}},"line":56},"6":{"name":"(anonymous_6)","decl":{"start":{"line":57,"column":24},"end":{"line":57,"column":29}},"loc":{"start":{"line":57,"column":37},"end":{"line":61,"column":3}},"line":57},"7":{"name":"(anonymous_7)","decl":{"start":{"line":66,"column":30},"end":{"line":66,"column":40}},"loc":{"start":{"line":66,"column":50},"end":{"line":66,"column":94}},"line":66},"8":{"name":"(anonymous_8)","decl":{"start":{"line":67,"column":30},"end":{"line":67,"column":53}},"loc":{"start":{"line":68,"column":4},"end":{"line":68,"column":null}},"line":68},"9":{"name":"consumeLastCapturedError","decl":{"start":{"line":72,"column":16},"end":{"line":72,"column":52}},"loc":{"start":{"line":72,"column":52},"end":{"line":81,"column":null}},"line":72}},"branchMap":{"0":{"loc":{"start":{"line":21,"column":22},"end":{"line":21,"column":68}},"type":"binary-expr","locations":[{"start":{"line":21,"column":22},"end":{"line":21,"column":51}},{"start":{"line":21,"column":51},"end":{"line":21,"column":68}}],"line":21},"1":{"loc":{"start":{"line":22,"column":4},"end":{"line":25,"column":null}},"type":"if","locations":[{"start":{"line":22,"column":4},"end":{"line":25,"column":null}},{"start":{},"end":{}}],"line":22},"2":{"loc":{"start":{"line":23,"column":17},"end":{"line":23,"column":79}},"type":"cond-expr","locations":[{"start":{"line":23,"column":47},"end":{"line":23,"column":57}},{"start":{"line":23,"column":57},"end":{"line":23,"column":79}}],"line":23},"3":{"loc":{"start":{"line":26,"column":18},"end":{"line":26,"column":null}},"type":"cond-expr","locations":[{"start":{"line":26,"column":32},"end":{"line":26,"column":37}},{"start":{"line":26,"column":37},"end":{"line":26,"column":null}}],"line":26},"4":{"loc":{"start":{"line":28,"column":26},"end":{"line":28,"column":83}},"type":"binary-expr","locations":[{"start":{"line":28,"column":26},"end":{"line":28,"column":43}},{"start":{"line":28,"column":43},"end":{"line":28,"column":83}}],"line":28},"5":{"loc":{"start":{"line":36,"column":16},"end":{"line":36,"column":null}},"type":"binary-expr","locations":[{"start":{"line":36,"column":16},"end":{"line":36,"column":26}},{"start":{"line":36,"column":26},"end":{"line":36,"column":null}}],"line":36},"6":{"loc":{"start":{"line":37,"column":9},"end":{"line":37,"column":null}},"type":"cond-expr","locations":[{"start":{"line":37,"column":37},"end":{"line":37,"column":60}},{"start":{"line":37,"column":60},"end":{"line":37,"column":null}}],"line":37},"7":{"loc":{"start":{"line":42,"column":11},"end":{"line":42,"column":null}},"type":"binary-expr","locations":[{"start":{"line":42,"column":11},"end":{"line":42,"column":36}},{"start":{"line":42,"column":36},"end":{"line":42,"column":null}}],"line":42},"8":{"loc":{"start":{"line":58,"column":4},"end":{"line":58,"column":null}},"type":"if","locations":[{"start":{"line":58,"column":4},"end":{"line":58,"column":null}},{"start":{},"end":{}}],"line":58},"9":{"loc":{"start":{"line":65,"column":0},"end":{"line":70,"column":null}},"type":"if","locations":[{"start":{"line":65,"column":0},"end":{"line":70,"column":null}},{"start":{},"end":{}}],"line":65},"10":{"loc":{"start":{"line":66,"column":58},"end":{"line":66,"column":93}},"type":"binary-expr","locations":[{"start":{"line":66,"column":58},"end":{"line":66,"column":88}},{"start":{"line":66,"column":88},"end":{"line":66,"column":93}}],"line":66},"11":{"loc":{"start":{"line":73,"column":2},"end":{"line":73,"column":null}},"type":"if","locations":[{"start":{"line":73,"column":2},"end":{"line":73,"column":null}},{"start":{},"end":{}}],"line":73},"12":{"loc":{"start":{"line":74,"column":2},"end":{"line":77,"column":null}},"type":"if","locations":[{"start":{"line":74,"column":2},"end":{"line":77,"column":null}},{"start":{},"end":{}}],"line":74}},"s":{"0":0,"1":0,"2":0,"3":0,"4":0,"5":0,"6":0,"7":0,"8":0,"9":0,"10":0,"11":0,"12":0,"13":0,"14":0,"15":0,"16":0,"17":0,"18":0,"19":0,"20":0,"21":0,"22":0,"23":0,"24":0,"25":0,"26":0,"27":0,"28":0,"29":0,"30":0,"31":0,"32":0,"33":0,"34":0,"35":0,"36":0,"37":0,"38":0,"39":0,"40":0,"41":0,"42":0,"43":0},"f":{"0":0,"1":0,"2":0,"3":0,"4":0,"5":0,"6":0,"7":0,"8":0,"9":0},"b":{"0":[0,0],"1":[0,0],"2":[0,0],"3":[0,0],"4":[0,0],"5":[0,0],"6":[0,0],"7":[0,0],"8":[0,0],"9":[0,0],"10":[0,0],"11":[0,0],"12":[0,0]},"meta":{"lastBranch":13,"lastFunction":10,"lastStatement":44,"seen":{"s:5:15:5:Infinity":0,"f:7:9:7:16":0,"s:8:2:8:Infinity":1,"s:15:26:15:Infinity":2,"s:16:33:16:Infinity":3,"f:18:16:18:30":1,"s:19:26:19:Infinity":4,"s:20:25:20:Infinity":5,"s:21:2:30:Infinity":6,"s:21:19:21:22":7,"b:21:22:21:51:21:51:21:68":0,"b:22:4:25:Infinity:undefined:undefined:undefined:undefined":1,"s:22:4:25:Infinity":8,"s:23:6:23:Infinity":9,"b:23:47:23:57:23:57:23:79":2,"s:24:6:24:Infinity":10,"s:26:18:26:Infinity":11,"b:26:32:26:37:26:37:26:Infinity":3,"s:27:19:27:Infinity":12,"s:28:4:28:Infinity":13,"b:28:26:28:43:28:43:28:83":4,"s:29:4:29:Infinity":14,"s:31:2:31:Infinity":15,"f:34:9:34:24":2,"s:35:33:35:Infinity":16,"s:36:16:36:Infinity":17,"b:36:16:36:26:36:26:36:Infinity":5,"s:37:2:37:Infinity":18,"b:37:37:37:60:37:60:37:Infinity":6,"f:40:9:40:23":3,"s:41:2:45:Infinity":19,"s:42:4:42:Infinity":20,"b:42:11:42:36:42:36:42:Infinity":7,"s:44:4:44:Infinity":21,"f:48:9:48:21":4,"s:49:2:49:Infinity":22,"s:55:29:55:Infinity":23,"s:56:0:63:Infinity":24,"f:56:8:56:17":5,"s:57:19:61:Infinity":25,"f:57:24:57:29":6,"b:58:4:58:Infinity:undefined:undefined:undefined:undefined":8,"s:58:4:58:Infinity":26,"s:58:27:58:Infinity":27,"s:59:4:59:Infinity":28,"s:60:4:60:Infinity":29,"s:62:2:62:Infinity":30,"b:65:0:70:Infinity:undefined:undefined:undefined:undefined":9,"s:65:0:70:Infinity":31,"s:66:2:66:Infinity":32,"f:66:30:66:40":7,"s:66:50:66:94":33,"b:66:58:66:88:66:88:66:93":10,"s:67:2:69:Infinity":34,"f:67:30:67:53":8,"s:68:4:68:Infinity":35,"f:72:16:72:52":9,"b:73:2:73:Infinity:undefined:undefined:undefined:undefined":11,"s:73:2:73:Infinity":36,"s:73:26:73:Infinity":37,"b:74:2:77:Infinity:undefined:undefined:undefined:undefined":12,"s:74:2:77:Infinity":38,"s:75:4:75:Infinity":39,"s:76:4:76:Infinity":40,"s:78:20:78:Infinity":41,"s:79:2:79:Infinity":42,"s:80:2:80:Infinity":43},"fnNames":{}}}
,"D:\\job-application-tracker\\Job-Application-Tracker\\Frontend\\src\\lib\\error-page.ts": {"path":"D:\\job-application-tracker\\Job-Application-Tracker\\Frontend\\src\\lib\\error-page.ts","statementMap":{"0":{"start":{"line":2,"column":2},"end":{"line":2,"column":null}}},"fnMap":{"0":{"name":"renderErrorPage","decl":{"start":{"line":1,"column":16},"end":{"line":1,"column":42}},"loc":{"start":{"line":1,"column":42},"end":{"line":30,"column":null}},"line":1}},"branchMap":{},"s":{"0":0},"f":{"0":0},"b":{},"meta":{"lastBranch":0,"lastFunction":1,"lastStatement":1,"seen":{"f:1:16:1:42":0,"s:2:2:2:Infinity":0},"fnNames":{}}}
,"D:\\job-application-tracker\\Job-Application-Tracker\\Frontend\\src\\lib\\firebase.ts": {"path":"D:\\job-application-tracker\\Job-Application-Tracker\\Frontend\\src\\lib\\firebase.ts","statementMap":{"0":{"start":{"line":10,"column":23},"end":{"line":17,"column":null}},"1":{"start":{"line":20,"column":21},"end":{"line":20,"column":null}},"2":{"start":{"line":21,"column":19},"end":{"line":23,"column":null}},"3":{"start":{"line":25,"column":20},"end":{"line":25,"column":null}},"4":{"start":{"line":27,"column":30},"end":{"line":27,"column":null}},"5":{"start":{"line":28,"column":0},"end":{"line":30,"column":null}},"6":{"start":{"line":33,"column":2},"end":{"line":39,"column":null}},"7":{"start":{"line":34,"column":4},"end":{"line":38,"column":null}},"8":{"start":{"line":40,"column":2},"end":{"line":60,"column":null}},"9":{"start":{"line":41,"column":19},"end":{"line":41,"column":null}},"10":{"start":{"line":42,"column":17},"end":{"line":42,"column":null}},"11":{"start":{"line":43,"column":4},"end":{"line":52,"column":null}},"12":{"start":{"line":54,"column":4},"end":{"line":54,"column":null}},"13":{"start":{"line":55,"column":4},"end":{"line":59,"column":null}},"14":{"start":{"line":64,"column":2},"end":{"line":64,"column":null}},"15":{"start":{"line":64,"column":13},"end":{"line":64,"column":null}},"16":{"start":{"line":65,"column":2},"end":{"line":69,"column":null}},"17":{"start":{"line":66,"column":4},"end":{"line":66,"column":null}},"18":{"start":{"line":68,"column":4},"end":{"line":68,"column":null}}},"fnMap":{"0":{"name":"signInWithGooglePopup","decl":{"start":{"line":32,"column":22},"end":{"line":32,"column":46}},"loc":{"start":{"line":32,"column":46},"end":{"line":61,"column":null}},"line":32},"1":{"name":"signOutFirebase","decl":{"start":{"line":63,"column":22},"end":{"line":63,"column":40}},"loc":{"start":{"line":63,"column":40},"end":{"line":70,"column":null}},"line":63}},"branchMap":{"0":{"loc":{"start":{"line":11,"column":10},"end":{"line":11,"column":null}},"type":"binary-expr","locations":[{"start":{"line":11,"column":10},"end":{"line":11,"column":51}},{"start":{"line":11,"column":51},"end":{"line":11,"column":null}}],"line":11},"1":{"loc":{"start":{"line":12,"column":14},"end":{"line":12,"column":null}},"type":"binary-expr","locations":[{"start":{"line":12,"column":14},"end":{"line":12,"column":59}},{"start":{"line":12,"column":59},"end":{"line":12,"column":null}}],"line":12},"2":{"loc":{"start":{"line":13,"column":13},"end":{"line":13,"column":null}},"type":"binary-expr","locations":[{"start":{"line":13,"column":13},"end":{"line":13,"column":57}},{"start":{"line":13,"column":57},"end":{"line":13,"column":null}}],"line":13},"3":{"loc":{"start":{"line":14,"column":17},"end":{"line":14,"column":null}},"type":"binary-expr","locations":[{"start":{"line":14,"column":17},"end":{"line":14,"column":65}},{"start":{"line":14,"column":65},"end":{"line":14,"column":null}}],"line":14},"4":{"loc":{"start":{"line":15,"column":21},"end":{"line":15,"column":null}},"type":"binary-expr","locations":[{"start":{"line":15,"column":21},"end":{"line":15,"column":74}},{"start":{"line":15,"column":74},"end":{"line":15,"column":null}}],"line":15},"5":{"loc":{"start":{"line":16,"column":9},"end":{"line":16,"column":null}},"type":"binary-expr","locations":[{"start":{"line":16,"column":9},"end":{"line":16,"column":49}},{"start":{"line":16,"column":49},"end":{"line":16,"column":null}}],"line":16},"6":{"loc":{"start":{"line":21,"column":19},"end":{"line":23,"column":null}},"type":"cond-expr","locations":[{"start":{"line":22,"column":5},"end":{"line":22,"column":64}},{"start":{"line":23,"column":4},"end":{"line":23,"column":null}}],"line":21},"7":{"loc":{"start":{"line":22,"column":5},"end":{"line":22,"column":64}},"type":"cond-expr","locations":[{"start":{"line":22,"column":25},"end":{"line":22,"column":57}},{"start":{"line":22,"column":57},"end":{"line":22,"column":64}}],"line":22},"8":{"loc":{"start":{"line":25,"column":20},"end":{"line":25,"column":null}},"type":"cond-expr","locations":[{"start":{"line":25,"column":26},"end":{"line":25,"column":42}},{"start":{"line":25,"column":42},"end":{"line":25,"column":null}}],"line":25},"9":{"loc":{"start":{"line":33,"column":2},"end":{"line":39,"column":null}},"type":"if","locations":[{"start":{"line":33,"column":2},"end":{"line":39,"column":null}},{"start":{},"end":{}}],"line":33},"10":{"loc":{"start":{"line":47,"column":14},"end":{"line":47,"column":null}},"type":"binary-expr","locations":[{"start":{"line":47,"column":14},"end":{"line":47,"column":34}},{"start":{"line":47,"column":34},"end":{"line":47,"column":63}},{"start":{"line":47,"column":63},"end":{"line":47,"column":null}}],"line":47},"11":{"loc":{"start":{"line":48,"column":15},"end":{"line":48,"column":null}},"type":"binary-expr","locations":[{"start":{"line":48,"column":15},"end":{"line":48,"column":29}},{"start":{"line":48,"column":29},"end":{"line":48,"column":null}}],"line":48},"12":{"loc":{"start":{"line":49,"column":16},"end":{"line":49,"column":null}},"type":"binary-expr","locations":[{"start":{"line":49,"column":16},"end":{"line":49,"column":33}},{"start":{"line":49,"column":33},"end":{"line":49,"column":null}}],"line":49},"13":{"loc":{"start":{"line":57,"column":13},"end":{"line":57,"column":null}},"type":"binary-expr","locations":[{"start":{"line":57,"column":13},"end":{"line":57,"column":30}},{"start":{"line":57,"column":30},"end":{"line":57,"column":null}}],"line":57},"14":{"loc":{"start":{"line":64,"column":2},"end":{"line":64,"column":null}},"type":"if","locations":[{"start":{"line":64,"column":2},"end":{"line":64,"column":null}},{"start":{},"end":{}}],"line":64}},"s":{"0":0,"1":0,"2":0,"3":0,"4":0,"5":0,"6":0,"7":0,"8":0,"9":0,"10":0,"11":0,"12":0,"13":0,"14":0,"15":0,"16":0,"17":0,"18":0},"f":{"0":0,"1":0},"b":{"0":[0,0],"1":[0,0],"2":[0,0],"3":[0,0],"4":[0,0],"5":[0,0],"6":[0,0],"7":[0,0],"8":[0,0],"9":[0,0],"10":[0,0,0],"11":[0,0],"12":[0,0],"13":[0,0],"14":[0,0]},"meta":{"lastBranch":15,"lastFunction":2,"lastStatement":19,"seen":{"s:10:23:17:Infinity":0,"b:11:10:11:51:11:51:11:Infinity":0,"b:12:14:12:59:12:59:12:Infinity":1,"b:13:13:13:57:13:57:13:Infinity":2,"b:14:17:14:65:14:65:14:Infinity":3,"b:15:21:15:74:15:74:15:Infinity":4,"b:16:9:16:49:16:49:16:Infinity":5,"s:20:21:20:Infinity":1,"s:21:19:23:Infinity":2,"b:22:5:22:64:23:4:23:Infinity":6,"b:22:25:22:57:22:57:22:64":7,"s:25:20:25:Infinity":3,"b:25:26:25:42:25:42:25:Infinity":8,"s:27:30:27:Infinity":4,"s:28:0:30:Infinity":5,"f:32:22:32:46":0,"b:33:2:39:Infinity:undefined:undefined:undefined:undefined":9,"s:33:2:39:Infinity":6,"s:34:4:38:Infinity":7,"s:40:2:60:Infinity":8,"s:41:19:41:Infinity":9,"s:42:17:42:Infinity":10,"s:43:4:52:Infinity":11,"b:47:14:47:34:47:34:47:63:47:63:47:Infinity":10,"b:48:15:48:29:48:29:48:Infinity":11,"b:49:16:49:33:49:33:49:Infinity":12,"s:54:4:54:Infinity":12,"s:55:4:59:Infinity":13,"b:57:13:57:30:57:30:57:Infinity":13,"f:63:22:63:40":1,"b:64:2:64:Infinity:undefined:undefined:undefined:undefined":14,"s:64:2:64:Infinity":14,"s:64:13:64:Infinity":15,"s:65:2:69:Infinity":16,"s:66:4:66:Infinity":17,"s:68:4:68:Infinity":18},"fnNames":{}}}
,"D:\\job-application-tracker\\Job-Application-Tracker\\Frontend\\src\\lib\\firestore.ts": {"path":"D:\\job-application-tracker\\Job-Application-Tracker\\Frontend\\src\\lib\\firestore.ts","statementMap":{"0":{"start":{"line":29,"column":18},"end":{"line":29,"column":null}}},"fnMap":{},"branchMap":{"0":{"loc":{"start":{"line":29,"column":18},"end":{"line":29,"column":null}},"type":"cond-expr","locations":[{"start":{"line":29,"column":24},"end":{"line":29,"column":45}},{"start":{"line":29,"column":45},"end":{"line":29,"column":null}}],"line":29}},"s":{"0":0},"f":{},"b":{"0":[0,0]},"meta":{"lastBranch":1,"lastFunction":0,"lastStatement":1,"seen":{"s:29:18:29:Infinity":0,"b:29:24:29:45:29:45:29:Infinity":0},"fnNames":{}}}
,"D:\\job-application-tracker\\Job-Application-Tracker\\Frontend\\src\\lib\\reminders-service.ts": {"path":"D:\\job-application-tracker\\Job-Application-Tracker\\Frontend\\src\\lib\\reminders-service.ts","statementMap":{"0":{"start":{"line":44,"column":19},"end":{"line":44,"column":null}},"1":{"start":{"line":57,"column":2},"end":{"line":69,"column":null}},"2":{"start":{"line":91,"column":2},"end":{"line":91,"column":null}},"3":{"start":{"line":91,"column":11},"end":{"line":91,"column":null}},"4":{"start":{"line":93,"column":17},"end":{"line":93,"column":null}},"5":{"start":{"line":94,"column":2},"end":{"line":103,"column":null}},"6":{"start":{"line":95,"column":43},"end":{"line":95,"column":null}},"7":{"start":{"line":96,"column":4},"end":{"line":101,"column":null}},"8":{"start":{"line":97,"column":20},"end":{"line":97,"column":null}},"9":{"start":{"line":98,"column":6},"end":{"line":100,"column":null}},"10":{"start":{"line":99,"column":8},"end":{"line":99,"column":null}},"11":{"start":{"line":102,"column":4},"end":{"line":102,"column":null}},"12":{"start":{"line":106,"column":20},"end":{"line":106,"column":null}},"13":{"start":{"line":107,"column":2},"end":{"line":109,"column":null}},"14":{"start":{"line":108,"column":4},"end":{"line":108,"column":null}},"15":{"start":{"line":111,"column":14},"end":{"line":111,"column":null}},"16":{"start":{"line":112,"column":49},"end":{"line":119,"column":null}},"17":{"start":{"line":121,"column":2},"end":{"line":123,"column":null}},"18":{"start":{"line":122,"column":4},"end":{"line":122,"column":null}},"19":{"start":{"line":125,"column":17},"end":{"line":125,"column":null}},"20":{"start":{"line":127,"column":2},"end":{"line":136,"column":null}},"21":{"start":{"line":153,"column":2},"end":{"line":153,"column":null}},"22":{"start":{"line":153,"column":11},"end":{"line":153,"column":null}},"23":{"start":{"line":155,"column":12},"end":{"line":159,"column":null}},"24":{"start":{"line":161,"column":19},"end":{"line":161,"column":null}},"25":{"start":{"line":162,"column":18},"end":{"line":164,"column":null}},"26":{"start":{"line":163,"column":4},"end":{"line":163,"column":null}},"27":{"start":{"line":167,"column":2},"end":{"line":169,"column":null}},"28":{"start":{"line":168,"column":4},"end":{"line":168,"column":null}},"29":{"start":{"line":168,"column":40},"end":{"line":168,"column":73}},"30":{"start":{"line":171,"column":2},"end":{"line":171,"column":null}},"31":{"start":{"line":187,"column":2},"end":{"line":187,"column":null}},"32":{"start":{"line":187,"column":11},"end":{"line":187,"column":null}},"33":{"start":{"line":189,"column":17},"end":{"line":189,"column":null}},"34":{"start":{"line":190,"column":18},"end":{"line":190,"column":null}},"35":{"start":{"line":192,"column":2},"end":{"line":194,"column":null}},"36":{"start":{"line":193,"column":4},"end":{"line":193,"column":null}},"37":{"start":{"line":196,"column":15},"end":{"line":196,"column":null}},"38":{"start":{"line":197,"column":2},"end":{"line":199,"column":null}},"39":{"start":{"line":198,"column":4},"end":{"line":198,"column":null}},"40":{"start":{"line":201,"column":2},"end":{"line":204,"column":null}},"41":{"start":{"line":224,"column":2},"end":{"line":224,"column":null}},"42":{"start":{"line":224,"column":11},"end":{"line":224,"column":null}},"43":{"start":{"line":226,"column":17},"end":{"line":226,"column":null}},"44":{"start":{"line":227,"column":18},"end":{"line":227,"column":null}},"45":{"start":{"line":229,"column":2},"end":{"line":231,"column":null}},"46":{"start":{"line":230,"column":4},"end":{"line":230,"column":null}},"47":{"start":{"line":233,"column":19},"end":{"line":233,"column":null}},"48":{"start":{"line":234,"column":2},"end":{"line":236,"column":null}},"49":{"start":{"line":235,"column":4},"end":{"line":235,"column":null}},"50":{"start":{"line":238,"column":49},"end":{"line":238,"column":null}},"51":{"start":{"line":240,"column":2},"end":{"line":240,"column":null}},"52":{"start":{"line":240,"column":42},"end":{"line":240,"column":null}},"53":{"start":{"line":241,"column":2},"end":{"line":241,"column":null}},"54":{"start":{"line":241,"column":34},"end":{"line":241,"column":null}},"55":{"start":{"line":242,"column":2},"end":{"line":242,"column":null}},"56":{"start":{"line":242,"column":37},"end":{"line":242,"column":null}},"57":{"start":{"line":244,"column":2},"end":{"line":244,"column":null}},"58":{"start":{"line":246,"column":33},"end":{"line":251,"column":null}},"59":{"start":{"line":253,"column":2},"end":{"line":253,"column":null}}},"fnMap":{"0":{"name":"toReminderDocument","decl":{"start":{"line":56,"column":9},"end":{"line":56,"column":28}},"loc":{"start":{"line":56,"column":80},"end":{"line":70,"column":null}},"line":56},"1":{"name":"createReminder","decl":{"start":{"line":87,"column":22},"end":{"line":87,"column":null}},"loc":{"start":{"line":90,"column":29},"end":{"line":137,"column":null}},"line":90},"2":{"name":"getReminders","decl":{"start":{"line":149,"column":22},"end":{"line":149,"column":null}},"loc":{"start":{"line":152,"column":31},"end":{"line":172,"column":null}},"line":152},"3":{"name":"(anonymous_3)","decl":{"start":{"line":162,"column":32},"end":{"line":162,"column":37}},"loc":{"start":{"line":163,"column":4},"end":{"line":163,"column":null}},"line":163},"4":{"name":"(anonymous_4)","decl":{"start":{"line":168,"column":26},"end":{"line":168,"column":34}},"loc":{"start":{"line":168,"column":40},"end":{"line":168,"column":73}},"line":168},"5":{"name":"markReminderComplete","decl":{"start":{"line":183,"column":22},"end":{"line":183,"column":null}},"loc":{"start":{"line":186,"column":17},"end":{"line":205,"column":null}},"line":186},"6":{"name":"updateReminder","decl":{"start":{"line":219,"column":22},"end":{"line":219,"column":null}},"loc":{"start":{"line":223,"column":29},"end":{"line":254,"column":null}},"line":223}},"branchMap":{"0":{"loc":{"start":{"line":65,"column":6},"end":{"line":67,"column":null}},"type":"cond-expr","locations":[{"start":{"line":66,"column":10},"end":{"line":66,"column":null}},{"start":{"line":67,"column":10},"end":{"line":67,"column":null}}],"line":65},"1":{"loc":{"start":{"line":68,"column":8},"end":{"line":68,"column":null}},"type":"cond-expr","locations":[{"start":{"line":68,"column":37},"end":{"line":68,"column":65}},{"start":{"line":68,"column":65},"end":{"line":68,"column":null}}],"line":68},"2":{"loc":{"start":{"line":91,"column":2},"end":{"line":91,"column":null}},"type":"if","locations":[{"start":{"line":91,"column":2},"end":{"line":91,"column":null}},{"start":{},"end":{}}],"line":91},"3":{"loc":{"start":{"line":94,"column":2},"end":{"line":103,"column":null}},"type":"if","locations":[{"start":{"line":94,"column":2},"end":{"line":103,"column":null}},{"start":{},"end":{}}],"line":94},"4":{"loc":{"start":{"line":98,"column":6},"end":{"line":100,"column":null}},"type":"if","locations":[{"start":{"line":98,"column":6},"end":{"line":100,"column":null}},{"start":{},"end":{}}],"line":98},"5":{"loc":{"start":{"line":107,"column":2},"end":{"line":109,"column":null}},"type":"if","locations":[{"start":{"line":107,"column":2},"end":{"line":109,"column":null}},{"start":{},"end":{}}],"line":107},"6":{"loc":{"start":{"line":121,"column":2},"end":{"line":123,"column":null}},"type":"if","locations":[{"start":{"line":121,"column":2},"end":{"line":123,"column":null}},{"start":{},"end":{}}],"line":121},"7":{"loc":{"start":{"line":135,"column":8},"end":{"line":135,"column":null}},"type":"cond-expr","locations":[{"start":{"line":135,"column":44},"end":{"line":135,"column":79}},{"start":{"line":135,"column":79},"end":{"line":135,"column":null}}],"line":135},"8":{"loc":{"start":{"line":153,"column":2},"end":{"line":153,"column":null}},"type":"if","locations":[{"start":{"line":153,"column":2},"end":{"line":153,"column":null}},{"start":{},"end":{}}],"line":153},"9":{"loc":{"start":{"line":167,"column":2},"end":{"line":169,"column":null}},"type":"if","locations":[{"start":{"line":167,"column":2},"end":{"line":169,"column":null}},{"start":{},"end":{}}],"line":167},"10":{"loc":{"start":{"line":187,"column":2},"end":{"line":187,"column":null}},"type":"if","locations":[{"start":{"line":187,"column":2},"end":{"line":187,"column":null}},{"start":{},"end":{}}],"line":187},"11":{"loc":{"start":{"line":192,"column":2},"end":{"line":194,"column":null}},"type":"if","locations":[{"start":{"line":192,"column":2},"end":{"line":194,"column":null}},{"start":{},"end":{}}],"line":192},"12":{"loc":{"start":{"line":197,"column":2},"end":{"line":199,"column":null}},"type":"if","locations":[{"start":{"line":197,"column":2},"end":{"line":199,"column":null}},{"start":{},"end":{}}],"line":197},"13":{"loc":{"start":{"line":224,"column":2},"end":{"line":224,"column":null}},"type":"if","locations":[{"start":{"line":224,"column":2},"end":{"line":224,"column":null}},{"start":{},"end":{}}],"line":224},"14":{"loc":{"start":{"line":229,"column":2},"end":{"line":231,"column":null}},"type":"if","locations":[{"start":{"line":229,"column":2},"end":{"line":231,"column":null}},{"start":{},"end":{}}],"line":229},"15":{"loc":{"start":{"line":234,"column":2},"end":{"line":236,"column":null}},"type":"if","locations":[{"start":{"line":234,"column":2},"end":{"line":236,"column":null}},{"start":{},"end":{}}],"line":234},"16":{"loc":{"start":{"line":240,"column":2},"end":{"line":240,"column":null}},"type":"if","locations":[{"start":{"line":240,"column":2},"end":{"line":240,"column":null}},{"start":{},"end":{}}],"line":240},"17":{"loc":{"start":{"line":241,"column":2},"end":{"line":241,"column":null}},"type":"if","locations":[{"start":{"line":241,"column":2},"end":{"line":241,"column":null}},{"start":{},"end":{}}],"line":241},"18":{"loc":{"start":{"line":242,"column":2},"end":{"line":242,"column":null}},"type":"if","locations":[{"start":{"line":242,"column":2},"end":{"line":242,"column":null}},{"start":{},"end":{}}],"line":242},"19":{"loc":{"start":{"line":248,"column":8},"end":{"line":248,"column":null}},"type":"cond-expr","locations":[{"start":{"line":248,"column":45},"end":{"line":248,"column":86}},{"start":{"line":248,"column":86},"end":{"line":248,"column":null}}],"line":248},"20":{"loc":{"start":{"line":249,"column":8},"end":{"line":249,"column":null}},"type":"cond-expr","locations":[{"start":{"line":249,"column":37},"end":{"line":249,"column":62}},{"start":{"line":249,"column":62},"end":{"line":249,"column":null}}],"line":249},"21":{"loc":{"start":{"line":250,"column":8},"end":{"line":250,"column":null}},"type":"cond-expr","locations":[{"start":{"line":250,"column":40},"end":{"line":250,"column":71}},{"start":{"line":250,"column":71},"end":{"line":250,"column":null}}],"line":250}},"s":{"0":1,"1":4,"2":5,"3":0,"4":5,"5":5,"6":3,"7":3,"8":3,"9":3,"10":3,"11":3,"12":2,"13":2,"14":1,"15":1,"16":1,"17":1,"18":1,"19":1,"20":1,"21":2,"22":0,"23":2,"24":2,"25":2,"26":4,"27":2,"28":1,"29":2,"30":2,"31":2,"32":0,"33":2,"34":2,"35":2,"36":1,"37":1,"38":1,"39":1,"40":0,"41":1,"42":0,"43":1,"44":1,"45":1,"46":0,"47":1,"48":1,"49":1,"50":0,"51":0,"52":0,"53":0,"54":0,"55":0,"56":0,"57":0,"58":0,"59":1},"f":{"0":4,"1":5,"2":2,"3":4,"4":2,"5":2,"6":1},"b":{"0":[4,0],"1":[0,4],"2":[0,5],"3":[3,2],"4":[3,0],"5":[1,1],"6":[1,0],"7":[1,0],"8":[0,2],"9":[1,1],"10":[0,2],"11":[1,1],"12":[1,0],"13":[0,1],"14":[0,1],"15":[1,0],"16":[0,0],"17":[0,0],"18":[0,0],"19":[0,0],"20":[0,0],"21":[0,0]},"meta":{"lastBranch":22,"lastFunction":7,"lastStatement":60,"seen":{"s:44:19:44:Infinity":0,"f:56:9:56:28":0,"s:57:2:69:Infinity":1,"b:66:10:66:Infinity:67:10:67:Infinity":0,"b:68:37:68:65:68:65:68:Infinity":1,"f:87:22:87:Infinity":1,"b:91:2:91:Infinity:undefined:undefined:undefined:undefined":2,"s:91:2:91:Infinity":2,"s:91:11:91:Infinity":3,"s:93:17:93:Infinity":4,"b:94:2:103:Infinity:undefined:undefined:undefined:undefined":3,"s:94:2:103:Infinity":5,"s:95:43:95:Infinity":6,"s:96:4:101:Infinity":7,"s:97:20:97:Infinity":8,"b:98:6:100:Infinity:undefined:undefined:undefined:undefined":4,"s:98:6:100:Infinity":9,"s:99:8:99:Infinity":10,"s:102:4:102:Infinity":11,"s:106:20:106:Infinity":12,"b:107:2:109:Infinity:undefined:undefined:undefined:undefined":5,"s:107:2:109:Infinity":13,"s:108:4:108:Infinity":14,"s:111:14:111:Infinity":15,"s:112:49:119:Infinity":16,"b:121:2:123:Infinity:undefined:undefined:undefined:undefined":6,"s:121:2:123:Infinity":17,"s:122:4:122:Infinity":18,"s:125:17:125:Infinity":19,"s:127:2:136:Infinity":20,"b:135:44:135:79:135:79:135:Infinity":7,"f:149:22:149:Infinity":2,"b:153:2:153:Infinity:undefined:undefined:undefined:undefined":8,"s:153:2:153:Infinity":21,"s:153:11:153:Infinity":22,"s:155:12:159:Infinity":23,"s:161:19:161:Infinity":24,"s:162:18:164:Infinity":25,"f:162:32:162:37":3,"s:163:4:163:Infinity":26,"b:167:2:169:Infinity:undefined:undefined:undefined:undefined":9,"s:167:2:169:Infinity":27,"s:168:4:168:Infinity":28,"f:168:26:168:34":4,"s:168:40:168:73":29,"s:171:2:171:Infinity":30,"f:183:22:183:Infinity":5,"b:187:2:187:Infinity:undefined:undefined:undefined:undefined":10,"s:187:2:187:Infinity":31,"s:187:11:187:Infinity":32,"s:189:17:189:Infinity":33,"s:190:18:190:Infinity":34,"b:192:2:194:Infinity:undefined:undefined:undefined:undefined":11,"s:192:2:194:Infinity":35,"s:193:4:193:Infinity":36,"s:196:15:196:Infinity":37,"b:197:2:199:Infinity:undefined:undefined:undefined:undefined":12,"s:197:2:199:Infinity":38,"s:198:4:198:Infinity":39,"s:201:2:204:Infinity":40,"f:219:22:219:Infinity":6,"b:224:2:224:Infinity:undefined:undefined:undefined:undefined":13,"s:224:2:224:Infinity":41,"s:224:11:224:Infinity":42,"s:226:17:226:Infinity":43,"s:227:18:227:Infinity":44,"b:229:2:231:Infinity:undefined:undefined:undefined:undefined":14,"s:229:2:231:Infinity":45,"s:230:4:230:Infinity":46,"s:233:19:233:Infinity":47,"b:234:2:236:Infinity:undefined:undefined:undefined:undefined":15,"s:234:2:236:Infinity":48,"s:235:4:235:Infinity":49,"s:238:49:238:Infinity":50,"b:240:2:240:Infinity:undefined:undefined:undefined:undefined":16,"s:240:2:240:Infinity":51,"s:240:42:240:Infinity":52,"b:241:2:241:Infinity:undefined:undefined:undefined:undefined":17,"s:241:2:241:Infinity":53,"s:241:34:241:Infinity":54,"b:242:2:242:Infinity:undefined:undefined:undefined:undefined":18,"s:242:2:242:Infinity":55,"s:242:37:242:Infinity":56,"s:244:2:244:Infinity":57,"s:246:33:251:Infinity":58,"b:248:45:248:86:248:86:248:Infinity":19,"b:249:37:249:62:249:62:249:Infinity":20,"b:250:40:250:71:250:71:250:Infinity":21,"s:253:2:253:Infinity":59},"fnNames":{}}}
,"D:\\job-application-tracker\\Job-Application-Tracker\\Frontend\\src\\lib\\utils.ts": {"path":"D:\\job-application-tracker\\Job-Application-Tracker\\Frontend\\src\\lib\\utils.ts","statementMap":{"0":{"start":{"line":5,"column":2},"end":{"line":5,"column":null}}},"fnMap":{"0":{"name":"cn","decl":{"start":{"line":4,"column":16},"end":{"line":4,"column":19}},"loc":{"start":{"line":4,"column":44},"end":{"line":6,"column":null}},"line":4}},"branchMap":{},"s":{"0":0},"f":{"0":0},"b":{},"meta":{"lastBranch":0,"lastFunction":1,"lastStatement":1,"seen":{"f:4:16:4:19":0,"s:5:2:5:Infinity":0},"fnNames":{}}}
,"D:\\job-application-tracker\\Job-Application-Tracker\\Frontend\\src\\lib\\validation.ts": {"path":"D:\\job-application-tracker\\Job-Application-Tracker\\Frontend\\src\\lib\\validation.ts","statementMap":{"0":{"start":{"line":27,"column":39},"end":{"line":71,"column":null}},"1":{"start":{"line":39,"column":21},"end":{"line":39,"column":null}},"2":{"start":{"line":43,"column":21},"end":{"line":43,"column":null}},"3":{"start":{"line":75,"column":39},"end":{"line":75,"column":null}},"4":{"start":{"line":86,"column":27},"end":{"line":90,"column":null}},"5":{"start":{"line":93,"column":35},"end":{"line":93,"column":null}},"6":{"start":{"line":95,"column":36},"end":{"line":115,"column":null}},"7":{"start":{"line":99,"column":21},"end":{"line":101,"column":null}},"8":{"start":{"line":123,"column":36},"end":{"line":136,"column":null}},"9":{"start":{"line":129,"column":21},"end":{"line":129,"column":null}}},"fnMap":{"0":{"name":"(anonymous_0)","decl":{"start":{"line":39,"column":4},"end":{"line":39,"column":21}},"loc":{"start":{"line":39,"column":21},"end":{"line":39,"column":null}},"line":39},"1":{"name":"(anonymous_1)","decl":{"start":{"line":43,"column":4},"end":{"line":43,"column":21}},"loc":{"start":{"line":43,"column":21},"end":{"line":43,"column":null}},"line":43},"2":{"name":"(anonymous_2)","decl":{"start":{"line":99,"column":4},"end":{"line":99,"column":21}},"loc":{"start":{"line":99,"column":21},"end":{"line":101,"column":null}},"line":99},"3":{"name":"(anonymous_3)","decl":{"start":{"line":129,"column":4},"end":{"line":129,"column":21}},"loc":{"start":{"line":129,"column":21},"end":{"line":129,"column":null}},"line":129}},"branchMap":{},"s":{"0":3,"1":1,"2":2,"3":3,"4":3,"5":3,"6":3,"7":0,"8":3,"9":1},"f":{"0":1,"1":2,"2":0,"3":1},"b":{},"meta":{"lastBranch":0,"lastFunction":4,"lastStatement":10,"seen":{"s:27:39:71:Infinity":0,"f:39:4:39:21":0,"s:39:21:39:Infinity":1,"f:43:4:43:21":1,"s:43:21:43:Infinity":2,"s:75:39:75:Infinity":3,"s:86:27:90:Infinity":4,"s:93:35:93:Infinity":5,"s:95:36:115:Infinity":6,"f:99:4:99:21":2,"s:99:21:101:Infinity":7,"s:123:36:136:Infinity":8,"f:129:4:129:21":3,"s:129:21:129:Infinity":9},"fnNames":{}}}
}
